mode: atomic
github.com/hashknife/api/bindings/encoders_decoders.go:14.101,17.2 2 1
github.com/hashknife/api/bindings/encoders_decoders.go:20.93,23.2 2 0
github.com/hashknife/api/bindings/encoders_decoders.go:28.77,30.2 1 2
github.com/hashknife/api/bindings/encoders_decoders.go:33.96,36.32 3 0
github.com/hashknife/api/bindings/encoders_decoders.go:39.2,40.71 2 0
github.com/hashknife/api/bindings/encoders_decoders.go:36.32,38.3 1 0
github.com/hashknife/api/bindings/encoders_decoders.go:44.97,47.32 3 0
github.com/hashknife/api/bindings/encoders_decoders.go:50.2,51.71 2 0
github.com/hashknife/api/bindings/encoders_decoders.go:47.32,49.3 1 0
github.com/hashknife/api/bindings/encoders_decoders.go:55.96,58.32 3 0
github.com/hashknife/api/bindings/encoders_decoders.go:61.2,62.71 2 0
github.com/hashknife/api/bindings/encoders_decoders.go:58.32,60.3 1 0
github.com/hashknife/api/bindings/encoders_decoders.go:66.95,69.32 3 0
github.com/hashknife/api/bindings/encoders_decoders.go:72.2,73.71 2 0
github.com/hashknife/api/bindings/encoders_decoders.go:69.32,71.3 1 0
github.com/hashknife/api/bindings/encoders_decoders.go:77.93,80.32 3 0
github.com/hashknife/api/bindings/encoders_decoders.go:83.2,84.71 2 0
github.com/hashknife/api/bindings/encoders_decoders.go:80.32,82.3 1 0
github.com/hashknife/api/bindings/encoders_decoders.go:88.96,91.32 3 0
github.com/hashknife/api/bindings/encoders_decoders.go:94.2,95.71 2 0
github.com/hashknife/api/bindings/encoders_decoders.go:91.32,93.3 1 0
github.com/hashknife/api/bindings/http.go:32.60,33.12 1 0
github.com/hashknife/api/bindings/http.go:33.12,47.3 6 0
github.com/hashknife/api/bindings/http.go:51.125,106.2 11 0
github.com/hashknife/api/bindings/http.go:109.69,110.12 1 0
github.com/hashknife/api/bindings/http.go:110.12,116.3 5 0
github.com/hashknife/api/bindings/http.go:120.113,130.2 3 2
github.com/hashknife/api/bindings/http.go:133.47,135.2 1 0
